#
# There is insufficient memory for the Java Runtime Environment to continue.
# Native memory allocation (malloc) failed to allocate 1048576 bytes for AllocateHeap
# Possible reasons:
#   The system is out of physical RAM or swap space
#   In 32 bit mode, the process size limit was hit
# Possible solutions:
#   Reduce memory load on the system
#   Increase physical memory or swap space
#   Check if swap backing store is full
#   Use 64 bit Java on a 64 bit OS
#   Decrease Java heap size (-Xmx/-Xms)
#   Decrease number of Java threads
#   Decrease Java thread stack sizes (-Xss)
#   Set larger code cache with -XX:ReservedCodeCacheSize=
# This output file may be truncated or incomplete.
#
#  Out of Memory Error (memory/allocation.inline.hpp:61), pid=9368, tid=0x0000000000004f20
#
# JRE version:  (8.0_121-b13) (build )
# Java VM: Java HotSpot(TM) 64-Bit Server VM (25.121-b13 mixed mode windows-amd64 compressed oops)
# Failed to write core dump. Minidumps are not enabled by default on client versions of Windows
#

---------------  T H R E A D  ---------------

Current thread (0x00000000030e2800):  JavaThread "Unknown thread" [_thread_in_vm, id=20256, stack(0x0000000002e70000,0x0000000002f70000)]

Stack: [0x0000000002e70000,0x0000000002f70000]
[error occurred during error reporting (printing stack bounds), id 0xc0000005]

Native frames: (J=compiled Java code, j=interpreted, Vv=VM code, C=native code)


---------------  P R O C E S S  ---------------

Java Threads: ( => current thread )

Other Threads:

=>0x00000000030e2800 (exited) JavaThread "Unknown thread" [_thread_in_vm, id=20256, stack(0x0000000002e70000,0x0000000002f70000)]

VM state:not at safepoint (normal execution)

VM Mutex/Monitor currently owned by a thread: None

Heap:
 PSYoungGen      total 76288K, used 1310K [0x000000076ab00000, 0x0000000770000000, 0x00000007c0000000)
  eden space 65536K, 2% used [0x000000076ab00000,0x000000076ac47af0,0x000000076eb00000)
  from space 10752K, 0% used [0x000000076f580000,0x000000076f580000,0x0000000770000000)
  to   space 10752K, 0% used [0x000000076eb00000,0x000000076eb00000,0x000000076f580000)
 ParOldGen       total 175104K, used 0K [0x00000006c0000000, 0x00000006cab00000, 0x000000076ab00000)
  object space 175104K, 0% used [0x00000006c0000000,0x00000006c0000000,0x00000006cab00000)
 Metaspace       used 770K, capacity 4480K, committed 4480K, reserved 1056768K
  class space    used 75K, capacity 384K, committed 384K, reserved 1048576K

Card table byte_map: [0x00000000125a0000,0x0000000012db0000] byte_map_base: 0x000000000efa0000

Marking Bits: (ParMarkBitMap*) 0x00000000681cb6d0
 Begin Bits: [0x0000000013710000, 0x0000000017710000)
 End Bits:   [0x0000000017710000, 0x000000001b710000)

Polling page: 0x0000000002f70000

CodeCache: size=245760Kb used=328Kb max_used=328Kb free=245431Kb
 bounds [0x00000000031e0000, 0x0000000003450000, 0x00000000121e0000]
 total_blobs=58 nmethods=0 adapters=38
 compilation: enabled

Compilation events (0 events):
No events

GC Heap History (0 events):
No events

Deoptimization events (0 events):
No events

Internal exceptions (0 events):
No events

Events (10 events):
Event: 0.032 loading class java/lang/Short
Event: 0.032 loading class java/lang/Short done
Event: 0.032 loading class java/lang/Integer
Event: 0.033 loading class java/lang/Integer done
Event: 0.033 loading class java/lang/Long
Event: 0.033 loading class java/lang/Long done
Event: 0.033 loading class java/lang/NullPointerException
Event: 0.033 loading class java/lang/NullPointerException done
Event: 0.033 loading class java/lang/ArithmeticException
Event: 0.033 loading class java/lang/ArithmeticException done


Dynamic libraries:
0x00007ff687c40000 - 0x00007ff687c77000 	C:\Program Files\Java\jdk1.8.0_121\bin\java.exe
0x00007fffdaf20000 - 0x00007fffdb0f2000 	C:\WINDOWS\SYSTEM32\ntdll.dll
0x00007fffd8d80000 - 0x00007fffd8e2c000 	C:\WINDOWS\System32\KERNEL32.DLL
0x00007fffd8050000 - 0x00007fffd826d000 	C:\WINDOWS\System32\KERNELBASE.dll
0x000000006b640000 - 0x000000006b6d2000 	C:\WINDOWS\System32\SYSFER.DLL
0x00007fffdae00000 - 0x00007fffdaea2000 	C:\WINDOWS\System32\ADVAPI32.dll
0x00007fffdad60000 - 0x00007fffdadfe000 	C:\WINDOWS\System32\msvcrt.dll
0x00007fffda550000 - 0x00007fffda5a9000 	C:\WINDOWS\System32\sechost.dll
0x00007fffdac00000 - 0x00007fffdad21000 	C:\WINDOWS\System32\RPCRT4.dll
0x00007fffda360000 - 0x00007fffda4c5000 	C:\WINDOWS\System32\USER32.dll
0x00007fffd77a0000 - 0x00007fffd77be000 	C:\WINDOWS\System32\win32u.dll
0x00007fffda630000 - 0x00007fffda664000 	C:\WINDOWS\System32\GDI32.dll
0x00007fffd7420000 - 0x00007fffd75a0000 	C:\WINDOWS\System32\gdi32full.dll
0x00007fffd50e0000 - 0x00007fffd535a000 	C:\WINDOWS\WinSxS\amd64_microsoft.windows.common-controls_6595b64144ccf1df_6.0.14393.953_none_42151e83c686086b\COMCTL32.dll
0x00007fffda670000 - 0x00007fffda938000 	C:\WINDOWS\System32\combase.dll
0x00007fffd75a0000 - 0x00007fffd7695000 	C:\WINDOWS\System32\ucrtbase.dll
0x00007fffd8440000 - 0x00007fffd84aa000 	C:\WINDOWS\System32\bcryptPrimitives.dll
0x00007fffdaeb0000 - 0x00007fffdaeb8000 	C:\WINDOWS\System32\psapi.dll
0x00007fffdad30000 - 0x00007fffdad5e000 	C:\WINDOWS\System32\IMM32.DLL
0x00007fffd7270000 - 0x00007fffd72cd000 	C:\Program Files\Citrix\System32\MfApHook64.dll
0x00007fffd69f0000 - 0x00007fffd6a1b000 	C:\Program Files\Citrix\ICAService\CtxDodHook64.dll
0x00007fffd7190000 - 0x00007fffd71c2000 	C:\Program Files\Citrix\ICAService\picaFullScreenHookX64.dll
0x00007fffd6d00000 - 0x00007fffd6d36000 	C:\Program Files\Citrix\ICAService\ShellHook64.dll
0x00007fffdaa00000 - 0x00007fffdab38000 	C:\WINDOWS\System32\ole32.dll
0x00007fffd8e30000 - 0x00007fffda338000 	C:\WINDOWS\System32\SHELL32.dll
0x00007fffd76a0000 - 0x00007fffd76e2000 	C:\WINDOWS\System32\cfgmgr32.dll
0x00007fffd78c0000 - 0x00007fffd7f98000 	C:\WINDOWS\System32\windows.storage.dll
0x00007fffd73d0000 - 0x00007fffd741c000 	C:\WINDOWS\System32\powrprof.dll
0x00007fffdab40000 - 0x00007fffdab92000 	C:\WINDOWS\System32\shlwapi.dll
0x00007fffd7390000 - 0x00007fffd739f000 	C:\WINDOWS\System32\kernel.appcore.dll
0x00007fffd76f0000 - 0x00007fffd7799000 	C:\WINDOWS\System32\shcore.dll
0x00007fffd73a0000 - 0x00007fffd73b4000 	C:\WINDOWS\System32\profapi.dll
0x00007fffd6b80000 - 0x00007fffd6cf9000 	C:\Program Files\Citrix\ICAService\SCardHook64.dll
0x00007fffd6af0000 - 0x00007fffd6b1a000 	C:\Program Files\Citrix\ICAService\cxinjime64.dll
0x00007fffd6aa0000 - 0x00007fffd6aed000 	C:\Program Files\Citrix\ICAService\PicaWtsHook64.dll
0x000000006a780000 - 0x000000006a852000 	C:\Program Files\Java\jdk1.8.0_121\jre\bin\msvcr100.dll
0x00000000679b0000 - 0x000000006824b000 	C:\Program Files\Java\jdk1.8.0_121\jre\bin\server\jvm.dll
0x00007fffcd560000 - 0x00007fffcd569000 	C:\WINDOWS\SYSTEM32\WSOCK32.dll
0x00007fffda5b0000 - 0x00007fffda61a000 	C:\WINDOWS\System32\WS2_32.dll
0x00007fffd1a90000 - 0x00007fffd1ab3000 	C:\WINDOWS\SYSTEM32\WINMM.dll
0x00007fffd7080000 - 0x00007fffd708a000 	C:\WINDOWS\SYSTEM32\VERSION.dll
0x00007fffd19a0000 - 0x00007fffd19cb000 	C:\WINDOWS\SYSTEM32\WINMMBASE.dll
0x000000006a770000 - 0x000000006a77f000 	C:\Program Files\Java\jdk1.8.0_121\jre\bin\verify.dll
0x000000006a740000 - 0x000000006a769000 	C:\Program Files\Java\jdk1.8.0_121\jre\bin\java.dll
0x000000006a670000 - 0x000000006a693000 	C:\Program Files\Java\jdk1.8.0_121\jre\bin\instrument.dll
0x000000006a720000 - 0x000000006a736000 	C:\Program Files\Java\jdk1.8.0_121\jre\bin\zip.dll

VM Arguments:
jvm_args: -javaagent:C:\Program Files\JetBrains\IntelliJ IDEA Community Edition 2017.3.5\lib\idea_rt.jar=50211:C:\Program Files\JetBrains\IntelliJ IDEA Community Edition 2017.3.5\bin -Dfile.encoding=UTF-8 
java_command: com.company.Main
java_class_path (initial): C:\Program Files\Java\jdk1.8.0_121\jre\lib\charsets.jar;C:\Program Files\Java\jdk1.8.0_121\jre\lib\deploy.jar;C:\Program Files\Java\jdk1.8.0_121\jre\lib\ext\access-bridge-64.jar;C:\Program Files\Java\jdk1.8.0_121\jre\lib\ext\cldrdata.jar;C:\Program Files\Java\jdk1.8.0_121\jre\lib\ext\dnsns.jar;C:\Program Files\Java\jdk1.8.0_121\jre\lib\ext\jaccess.jar;C:\Program Files\Java\jdk1.8.0_121\jre\lib\ext\jfxrt.jar;C:\Program Files\Java\jdk1.8.0_121\jre\lib\ext\localedata.jar;C:\Program Files\Java\jdk1.8.0_121\jre\lib\ext\nashorn.jar;C:\Program Files\Java\jdk1.8.0_121\jre\lib\ext\sunec.jar;C:\Program Files\Java\jdk1.8.0_121\jre\lib\ext\sunjce_provider.jar;C:\Program Files\Java\jdk1.8.0_121\jre\lib\ext\sunmscapi.jar;C:\Program Files\Java\jdk1.8.0_121\jre\lib\ext\sunpkcs11.jar;C:\Program Files\Java\jdk1.8.0_121\jre\lib\ext\zipfs.jar;C:\Program Files\Java\jdk1.8.0_121\jre\lib\javaws.jar;C:\Program Files\Java\jdk1.8.0_121\jre\lib\jce.jar;C:\Program Files\Java\jdk1.8.0_121\jre\lib\jfr.jar;C:\Program Files\Java\jdk1.8.0_121\jre\lib\jfxswt.jar;C:\Program Files\Java\jdk1.8.0_121\jre\lib\jsse.jar;C:\Program Files\Java\jdk1.8.0_121\jre\lib\management-agent.jar;C:\Program Files\Java\jdk1.8.0_121\jre\lib\plugin.jar;C:\Program Files\Java\jdk1.8.0_121\jre\lib\resources.jar;C:\Program Files\Java\jdk1.8.0_121\jre\lib\rt.jar;D:\training\javaTraining\LinkedListChallange\out\production\LinkedListChallange;C:\Program Files\JetBrains\IntelliJ IDEA Community Edition 2017.3.5\lib\idea_rt.jar
Launcher Type: SUN_STANDARD

Environment Variables:
JAVA_HOME=C:\Program Files\Java\jdk1.8.0_121
PATH=C:\ProgramData\Oracle\Java\javapath;C:\Program Files\Java\jdk1.8.0_121\bin;C:\Program Files (x86)\RSA SecurID Token Common;C:\WINDOWS\system32;C:\WINDOWS;C:\WINDOWS\System32\Wbem;C:\WINDOWS\System32\WindowsPowerShell\v1.0\;C:\Program Files\Citrix\System32\;C:\Program Files\Citrix\ICAService\;C:\Program Files\Citrix\Virtual Desktop Agent\;D:\tools\apache-maven-3.3.9\bin;C:\Program Files\TortoiseSVN\bin;C:\Program Files\SourceGear\Common\DiffMerge\;C:\Program Files\Git\cmd;C:\Program Files\nodejs\;C:\Users\n0215998\AppData\Local\Continuum\Anaconda3;C:\Users\n0215998\AppData\Local\Continuum\Anaconda3\Scripts;C:\Users\n0215998\AppData\Local\Continuum\Anaconda3\Library\bin;C:\Users\n0215998\AppData\Local\Microsoft\WindowsApps;C:\Program Files\Microsoft VS Code\bin;C:\Users\n0215998\AppData\Roaming\npm
USERNAME=n0215998
OS=Windows_NT
PROCESSOR_IDENTIFIER=Intel64 Family 6 Model 63 Stepping 0, GenuineIntel



---------------  S Y S T E M  ---------------

OS: Windows 10.0 , 64 bit Build 14393 (10.0.14393.1198)

CPU:total 4 (2 cores per cpu, 1 threads per core) family 6 model 63 stepping 0, cmov, cx8, fxsr, mmx, sse, sse2, sse3, ssse3, sse4.1, sse4.2, popcnt, avx, avx2, aes, clmul, erms, lzcnt, tsc, tscinvbit, bmi1, bmi2

Memory: 4k page, physical 16776624k(7609248k free), swap 24640684k(5124k free)

vm_info: Java HotSpot(TM) 64-Bit Server VM (25.121-b13) for windows-amd64 JRE (1.8.0_121-b13), built on Dec 12 2016 18:21:36 by "java_re" with MS VC++ 10.0 (VS2010)

time: Wed May 23 13:43:22 2018
elapsed time: 0 seconds (0d 0h 0m 0s)

